Build started 9/3/2015 7:42:49 PM.
     1>Project "C:\Users\NguyenVietNamSon\Desktop\KTLT Buoi 17\Ly Thuyet Ve Chuoi Ben C\Bai 2\Bai 2.vcxproj" on node 2 (Build target(s)).
     1>ClCompile:
         C:\Program Files (x86)\Microsoft Visual Studio 11.0\VC\bin\CL.exe /c /ZI /nologo /W3 /WX- /Od /Oy- /D _MBCS /Gm /EHsc /RTC1 /MDd /GS /fp:precise /Zc:wchar_t /Zc:forScope /Fo"Debug\\" /Fd"Debug\vc110.pdb" /Gd /TP /analyze- /errorReport:prompt Source.cpp
         Source.cpp
     1>c:\users\nguyenvietnamson\desktop\ktlt buoi 17\ly thuyet ve chuoi ben c\bai 2\source.cpp(8): warning C4996: 'strdup': The POSIX name for this item is deprecated. Instead, use the ISO C++ conformant name: _strdup. See online help for details.
                 c:\program files (x86)\microsoft visual studio 11.0\vc\include\string.h(241) : see declaration of 'strdup'
     1>c:\users\nguyenvietnamson\desktop\ktlt buoi 17\ly thuyet ve chuoi ben c\bai 2\source.cpp(11): warning C4996: 'strlwr': The POSIX name for this item is deprecated. Instead, use the ISO C++ conformant name: _strlwr. See online help for details.
                 c:\program files (x86)\microsoft visual studio 11.0\vc\include\string.h(250) : see declaration of 'strlwr'
     1>c:\users\nguyenvietnamson\desktop\ktlt buoi 17\ly thuyet ve chuoi ben c\bai 2\source.cpp(19): warning C4996: 'strdup': The POSIX name for this item is deprecated. Instead, use the ISO C++ conformant name: _strdup. See online help for details.
                 c:\program files (x86)\microsoft visual studio 11.0\vc\include\string.h(241) : see declaration of 'strdup'
     1>c:\users\nguyenvietnamson\desktop\ktlt buoi 17\ly thuyet ve chuoi ben c\bai 2\source.cpp(22): warning C4996: 'strupr': The POSIX name for this item is deprecated. Instead, use the ISO C++ conformant name: _strupr. See online help for details.
                 c:\program files (x86)\microsoft visual studio 11.0\vc\include\string.h(255) : see declaration of 'strupr'
     1>c:\users\nguyenvietnamson\desktop\ktlt buoi 17\ly thuyet ve chuoi ben c\bai 2\source.cpp(30): warning C4996: 'strdup': The POSIX name for this item is deprecated. Instead, use the ISO C++ conformant name: _strdup. See online help for details.
                 c:\program files (x86)\microsoft visual studio 11.0\vc\include\string.h(241) : see declaration of 'strdup'
     1>c:\users\nguyenvietnamson\desktop\ktlt buoi 17\ly thuyet ve chuoi ben c\bai 2\source.cpp(81): warning C4996: 'strdup': The POSIX name for this item is deprecated. Instead, use the ISO C++ conformant name: _strdup. See online help for details.
                 c:\program files (x86)\microsoft visual studio 11.0\vc\include\string.h(241) : see declaration of 'strdup'
     1>c:\users\nguyenvietnamson\desktop\ktlt buoi 17\ly thuyet ve chuoi ben c\bai 2\source.cpp(115): warning C4996: 'strcpy': This function or variable may be unsafe. Consider using strcpy_s instead. To disable deprecation, use _CRT_SECURE_NO_WARNINGS. See online help for details.
                 c:\program files (x86)\microsoft visual studio 11.0\vc\include\string.h(110) : see declaration of 'strcpy'
     1>c:\users\nguyenvietnamson\desktop\ktlt buoi 17\ly thuyet ve chuoi ben c\bai 2\source.cpp(122): warning C4996: 'getch': The POSIX name for this item is deprecated. Instead, use the ISO C++ conformant name: _getch. See online help for details.
                 c:\program files (x86)\microsoft visual studio 11.0\vc\include\conio.h(131) : see declaration of 'getch'
       Link:
         C:\Program Files (x86)\Microsoft Visual Studio 11.0\VC\bin\link.exe /ERRORREPORT:PROMPT /OUT:"C:\Users\NguyenVietNamSon\Desktop\KTLT Buoi 17\Ly Thuyet Ve Chuoi Ben C\Debug\Bai 2.exe" /INCREMENTAL /NOLOGO kernel32.lib user32.lib gdi32.lib winspool.lib comdlg32.lib advapi32.lib shell32.lib ole32.lib oleaut32.lib uuid.lib odbc32.lib odbccp32.lib /MANIFEST /MANIFESTUAC:"level='asInvoker' uiAccess='false'" /manifest:embed /DEBUG /PDB:"C:\Users\NguyenVietNamSon\Desktop\KTLT Buoi 17\Ly Thuyet Ve Chuoi Ben C\Debug\Bai 2.pdb" /TLBID:1 /DYNAMICBASE /NXCOMPAT /IMPLIB:"C:\Users\NguyenVietNamSon\Desktop\KTLT Buoi 17\Ly Thuyet Ve Chuoi Ben C\Debug\Bai 2.lib" /MACHINE:X86 Debug\Source.obj
         Bai 2.vcxproj -> C:\Users\NguyenVietNamSon\Desktop\KTLT Buoi 17\Ly Thuyet Ve Chuoi Ben C\Debug\Bai 2.exe
     1>Done Building Project "C:\Users\NguyenVietNamSon\Desktop\KTLT Buoi 17\Ly Thuyet Ve Chuoi Ben C\Bai 2\Bai 2.vcxproj" (Build target(s)).

Build succeeded.

Time Elapsed 00:00:00.62
