Build started 5/15/2015 9:37:29 PM.
     1>Project "C:\Users\nguyenvietnamson\Desktop\KTLT sang thu 7 (16-5)\Giai Bai Tap Chuoi\Demo Cộng 2 số cực lớn\Demo Cộng 2 số cực lớn.vcxproj" on node 2 (Build target(s)).
     1>ClCompile:
         C:\Program Files (x86)\Microsoft Visual Studio 11.0\VC\bin\CL.exe /c /ZI /nologo /W3 /WX- /Od /Oy- /D _UNICODE /D UNICODE /Gm /EHsc /RTC1 /MDd /GS /fp:precise /Zc:wchar_t /Zc:forScope /Fo"Debug\\" /Fd"Debug\vc110.pdb" /Gd /TP /analyze- /errorReport:prompt Source.cpp
         Source.cpp
     1>c:\users\nguyenvietnamson\desktop\ktlt sang thu 7 (16-5)\giai bai tap chuoi\demo cộng 2 số cực lớn\source.cpp(93): warning C4996: 'strrev': The POSIX name for this item is deprecated. Instead, use the ISO C++ conformant name: _strrev. See online help for details.
                 c:\program files (x86)\microsoft visual studio 11.0\vc\include\string.h(253) : see declaration of 'strrev'
     1>c:\users\nguyenvietnamson\desktop\ktlt sang thu 7 (16-5)\giai bai tap chuoi\demo cộng 2 số cực lớn\source.cpp(95): warning C4172: returning address of local variable or temporary
     1>c:\users\nguyenvietnamson\desktop\ktlt sang thu 7 (16-5)\giai bai tap chuoi\demo cộng 2 số cực lớn\source.cpp(103): warning C4996: 'strcpy': This function or variable may be unsafe. Consider using strcpy_s instead. To disable deprecation, use _CRT_SECURE_NO_WARNINGS. See online help for details.
                 c:\program files (x86)\microsoft visual studio 11.0\vc\include\string.h(110) : see declaration of 'strcpy'
     1>c:\users\nguyenvietnamson\desktop\ktlt sang thu 7 (16-5)\giai bai tap chuoi\demo cộng 2 số cực lớn\source.cpp(104): warning C4996: 'strcpy': This function or variable may be unsafe. Consider using strcpy_s instead. To disable deprecation, use _CRT_SECURE_NO_WARNINGS. See online help for details.
                 c:\program files (x86)\microsoft visual studio 11.0\vc\include\string.h(110) : see declaration of 'strcpy'
     1>c:\users\nguyenvietnamson\desktop\ktlt sang thu 7 (16-5)\giai bai tap chuoi\demo cộng 2 số cực lớn\source.cpp(107): warning C4996: 'strcpy': This function or variable may be unsafe. Consider using strcpy_s instead. To disable deprecation, use _CRT_SECURE_NO_WARNINGS. See online help for details.
                 c:\program files (x86)\microsoft visual studio 11.0\vc\include\string.h(110) : see declaration of 'strcpy'
     1>c:\users\nguyenvietnamson\desktop\ktlt sang thu 7 (16-5)\giai bai tap chuoi\demo cộng 2 số cực lớn\source.cpp(113): warning C4996: 'getch': The POSIX name for this item is deprecated. Instead, use the ISO C++ conformant name: _getch. See online help for details.
                 c:\program files (x86)\microsoft visual studio 11.0\vc\include\conio.h(131) : see declaration of 'getch'
       Link:
         C:\Program Files (x86)\Microsoft Visual Studio 11.0\VC\bin\link.exe /ERRORREPORT:PROMPT /OUT:"C:\Users\nguyenvietnamson\Desktop\KTLT sang thu 7 (16-5)\Giai Bai Tap Chuoi\Debug\Demo Cộng 2 số cực lớn.exe" /INCREMENTAL /NOLOGO kernel32.lib user32.lib gdi32.lib winspool.lib comdlg32.lib advapi32.lib shell32.lib ole32.lib oleaut32.lib uuid.lib odbc32.lib odbccp32.lib /MANIFEST /MANIFESTUAC:"level='asInvoker' uiAccess='false'" /manifest:embed /DEBUG /PDB:"C:\Users\nguyenvietnamson\Desktop\KTLT sang thu 7 (16-5)\Giai Bai Tap Chuoi\Debug\Demo Cộng 2 số cực lớn.pdb" /TLBID:1 /DYNAMICBASE /NXCOMPAT /IMPLIB:"C:\Users\nguyenvietnamson\Desktop\KTLT sang thu 7 (16-5)\Giai Bai Tap Chuoi\Debug\Demo Cộng 2 số cực lớn.lib" /MACHINE:X86 Debug\Source.obj
         Demo Cộng 2 số cực lớn.vcxproj -> C:\Users\nguyenvietnamson\Desktop\KTLT sang thu 7 (16-5)\Giai Bai Tap Chuoi\Debug\Demo Cộng 2 số cực lớn.exe
     1>Done Building Project "C:\Users\nguyenvietnamson\Desktop\KTLT sang thu 7 (16-5)\Giai Bai Tap Chuoi\Demo Cộng 2 số cực lớn\Demo Cộng 2 số cực lớn.vcxproj" (Build target(s)).

Build succeeded.

Time Elapsed 00:00:00.72
