Build started 5/12/2015 9:11:36 PM.
     1>Project "C:\Users\NguyenVietNamSon\Desktop\KTLT sang thu 4 (13-5)\Bai Hoc Chuoi\Bài tập 1\Bài tập 1.vcxproj" on node 2 (Build target(s)).
     1>ClCompile:
         C:\Program Files (x86)\Microsoft Visual Studio 11.0\VC\bin\CL.exe /c /ZI /nologo /W3 /WX- /Od /Oy- /D _UNICODE /D UNICODE /Gm /EHsc /RTC1 /MDd /GS /fp:precise /Zc:wchar_t /Zc:forScope /Fo"Debug\\" /Fd"Debug\vc110.pdb" /Gd /TP /analyze- /errorReport:prompt Source.cpp
         Source.cpp
     1>c:\users\nguyenvietnamson\desktop\ktlt sang thu 4 (13-5)\bai hoc chuoi\bài tập 1\source.cpp(17): warning C4244: '+=' : conversion from 'double' to 'int', possible loss of data
     1>c:\users\nguyenvietnamson\desktop\ktlt sang thu 4 (13-5)\bai hoc chuoi\bài tập 1\source.cpp(38): warning C4996: 'strtok': This function or variable may be unsafe. Consider using strtok_s instead. To disable deprecation, use _CRT_SECURE_NO_WARNINGS. See online help for details.
                 c:\program files (x86)\microsoft visual studio 11.0\vc\include\string.h(200) : see declaration of 'strtok'
     1>c:\users\nguyenvietnamson\desktop\ktlt sang thu 4 (13-5)\bai hoc chuoi\bài tập 1\source.cpp(41): warning C4996: 'strtok': This function or variable may be unsafe. Consider using strtok_s instead. To disable deprecation, use _CRT_SECURE_NO_WARNINGS. See online help for details.
                 c:\program files (x86)\microsoft visual studio 11.0\vc\include\string.h(200) : see declaration of 'strtok'
     1>c:\users\nguyenvietnamson\desktop\ktlt sang thu 4 (13-5)\bai hoc chuoi\bài tập 1\source.cpp(44): warning C4996: 'strtok': This function or variable may be unsafe. Consider using strtok_s instead. To disable deprecation, use _CRT_SECURE_NO_WARNINGS. See online help for details.
                 c:\program files (x86)\microsoft visual studio 11.0\vc\include\string.h(200) : see declaration of 'strtok'
     1>c:\users\nguyenvietnamson\desktop\ktlt sang thu 4 (13-5)\bai hoc chuoi\bài tập 1\source.cpp(47): warning C4996: 'getch': The POSIX name for this item is deprecated. Instead, use the ISO C++ conformant name: _getch. See online help for details.
                 c:\program files (x86)\microsoft visual studio 11.0\vc\include\conio.h(131) : see declaration of 'getch'
       Link:
         C:\Program Files (x86)\Microsoft Visual Studio 11.0\VC\bin\link.exe /ERRORREPORT:PROMPT /OUT:"C:\Users\NguyenVietNamSon\Desktop\KTLT sang thu 4 (13-5)\Bai Hoc Chuoi\Debug\Bài tập 1.exe" /INCREMENTAL /NOLOGO kernel32.lib user32.lib gdi32.lib winspool.lib comdlg32.lib advapi32.lib shell32.lib ole32.lib oleaut32.lib uuid.lib odbc32.lib odbccp32.lib /MANIFEST /MANIFESTUAC:"level='asInvoker' uiAccess='false'" /manifest:embed /DEBUG /PDB:"C:\Users\NguyenVietNamSon\Desktop\KTLT sang thu 4 (13-5)\Bai Hoc Chuoi\Debug\Bài tập 1.pdb" /TLBID:1 /DYNAMICBASE /NXCOMPAT /IMPLIB:"C:\Users\NguyenVietNamSon\Desktop\KTLT sang thu 4 (13-5)\Bai Hoc Chuoi\Debug\Bài tập 1.lib" /MACHINE:X86 Debug\Source.obj
         Bài tập 1.vcxproj -> C:\Users\NguyenVietNamSon\Desktop\KTLT sang thu 4 (13-5)\Bai Hoc Chuoi\Debug\Bài tập 1.exe
     1>Done Building Project "C:\Users\NguyenVietNamSon\Desktop\KTLT sang thu 4 (13-5)\Bai Hoc Chuoi\Bài tập 1\Bài tập 1.vcxproj" (Build target(s)).

Build succeeded.

Time Elapsed 00:00:00.24
